[2023-09-28 08:25:00][1] Processing: App\Jobs\NotificationMailJob
[2023-09-28 08:25:01][1] Processed:  App\Jobs\NotificationMailJob
[2023-09-28 08:25:01][2] Processing: App\Mail\OverdueNotificationMail
[2023-09-28 08:25:02][2] Processed:  App\Mail\OverdueNotificationMail
[2023-09-28 08:25:02][3] Processing: App\Mail\OverdueNotificationMail
[2023-09-28 08:25:03][4] Processing: App\Mail\OverdueNotificationMail
[2023-09-28 08:25:03][3] Processed:  App\Mail\OverdueNotificationMail
[2023-09-28 08:25:03][5] Processing: App\Mail\OverdueNotificationMail
[2023-09-28 08:25:04][4] Processed:  App\Mail\OverdueNotificationMail
[2023-09-28 08:25:04][6] Processing: App\Mail\OverdueNotificationMail
[2023-09-28 08:25:05][5] Processed:  App\Mail\OverdueNotificationMail
[2023-09-28 08:25:05][7] Processing: App\Mail\OverdueNotificationMail
[2023-09-28 08:25:05][6] Processed:  App\Mail\OverdueNotificationMail
[2023-09-28 08:25:05][8] Processing: App\Mail\OverdueNotificationMail
[2023-09-28 08:25:06][7] Processed:  App\Mail\OverdueNotificationMail
[2023-09-28 08:25:06][9] Processing: App\Mail\OverdueNotificationMail
[2023-09-28 08:25:07][8] Processed:  App\Mail\OverdueNotificationMail
[2023-09-28 08:25:07][10] Processing: App\Mail\OverdueNotificationMail
[2023-09-28 08:25:07][9] Processed:  App\Mail\OverdueNotificationMail
[2023-09-28 08:25:07][11] Processing: App\Mail\OverdueNotificationMail
[2023-09-28 08:25:08][10] Processed:  App\Mail\OverdueNotificationMail
[2023-09-28 08:25:08][12] Processing: App\Mail\OverdueNotificationMail
[2023-09-28 08:25:08][11] Processed:  App\Mail\OverdueNotificationMail
[2023-09-28 08:25:08][13] Processing: App\Mail\OverdueNotificationMail
[2023-09-28 08:25:09][12] Processed:  App\Mail\OverdueNotificationMail
[2023-09-28 08:25:10][13] Processed:  App\Mail\OverdueNotificationMail
[2023-09-28 08:38:40][14] Processing: App\Jobs\NotificationMailJob
[2023-09-28 08:38:40][14] Processed:  App\Jobs\NotificationMailJob
[2023-09-28 08:38:40][15] Processing: App\Mail\OverdueNotificationMail
[2023-09-28 08:38:41][15] Processed:  App\Mail\OverdueNotificationMail
[2023-09-28 08:50:41][16] Processing: App\Jobs\NotificationMailJob
[2023-09-28 08:50:41][16] Processed:  App\Jobs\NotificationMailJob
[2023-09-28 08:50:41][19] Processing: App\Mail\OverdueNotificationMail
[2023-09-28 08:50:41][20] Processing: App\Mail\OverdueNotificationMail
[2023-09-28 08:50:42][19] Processed:  App\Mail\OverdueNotificationMail
[2023-09-28 08:50:42][21] Processing: App\Mail\OverdueNotificationMail
[2023-09-28 08:50:42][20] Processed:  App\Mail\OverdueNotificationMail
[2023-09-28 08:50:44][21] Processed:  App\Mail\OverdueNotificationMail
[2023-09-28 08:53:43][17] Processing: App\Jobs\NotificationMailJob
[2023-09-28 08:53:43][17] Processed:  App\Jobs\NotificationMailJob
[2023-09-28 08:57:40][18] Processing: App\Jobs\NotificationMailJob
[2023-09-28 08:57:40][18] Processed:  App\Jobs\NotificationMailJob
[2023-09-29 02:35:53][22] Processing: App\Jobs\NotificationMailJob
[2023-09-29 02:35:54][22] Processed:  App\Jobs\NotificationMailJob
[2023-09-29 02:35:54][23] Processing: App\Mail\OverdueNotificationMail
[2023-09-29 02:35:55][23] Processed:  App\Mail\OverdueNotificationMail
[2023-09-29 02:52:34][24] Processing: App\Jobs\NotificationMailJob
[2023-09-29 02:52:34][24] Processed:  App\Jobs\NotificationMailJob
[2023-09-29 02:52:34][25] Processing: App\Mail\OverdueNotificationMail
[2023-09-29 02:52:36][25] Processed:  App\Mail\OverdueNotificationMail
[2023-10-03 03:38:19][26] Processing: App\Jobs\NotificationMailJob
[2023-10-03 03:38:19][26] Processed:  App\Jobs\NotificationMailJob
[2023-10-03 03:38:19][27] Processing: App\Mail\OverdueNotificationMail
[2023-10-03 03:38:20][27] Processed:  App\Mail\OverdueNotificationMail
[2023-10-03 03:38:20][28] Processing: App\Mail\OverdueNotificationMail
[2023-10-03 03:38:21][28] Processed:  App\Mail\OverdueNotificationMail
[2023-10-27 07:28:05][1] Processing: App\Jobs\NotificationMailJob
[2023-10-27 07:28:05][1] Processed:  App\Jobs\NotificationMailJob
[2023-10-27 07:28:05][2] Processing: App\Mail\OverdueNotificationMail
[2023-10-27 07:28:07][2] Processed:  App\Mail\OverdueNotificationMail
[2023-10-27 07:28:07][3] Processing: App\Mail\OverdueNotificationMail
[2023-10-27 07:28:08][3] Processed:  App\Mail\OverdueNotificationMail
[2023-10-27 07:28:08][4] Processing: App\Mail\OverdueNotificationMail
[2023-10-27 07:28:08][4] Failed:     App\Mail\OverdueNotificationMail
[2023-10-27 07:28:08][5] Processing: App\Mail\OverdueNotificationMail
[2023-10-27 07:28:08][6] Processing: App\Mail\OverdueNotificationMail
[2023-10-27 07:28:09][5] Processed:  App\Mail\OverdueNotificationMail
[2023-10-27 07:28:09][7] Processing: App\Mail\OverdueNotificationMail
[2023-10-27 07:28:10][6] Processed:  App\Mail\OverdueNotificationMail
[2023-10-27 07:28:10][8] Processing: App\Mail\OverdueNotificationMail
[2023-10-27 07:28:10][7] Processed:  App\Mail\OverdueNotificationMail
[2023-10-27 07:28:10][9] Processing: App\Mail\OverdueNotificationMail
[2023-10-27 07:28:11][8] Processed:  App\Mail\OverdueNotificationMail
[2023-10-27 07:28:11][10] Processing: App\Mail\OverdueNotificationMail
[2023-10-27 07:28:12][9] Processed:  App\Mail\OverdueNotificationMail
[2023-10-27 07:28:12][11] Processing: App\Mail\OverdueNotificationMail
[2023-10-27 07:28:13][10] Processed:  App\Mail\OverdueNotificationMail
[2023-10-27 07:28:13][12] Processing: App\Mail\OverdueNotificationMail
[2023-10-27 07:28:13][11] Processed:  App\Mail\OverdueNotificationMail
[2023-10-27 07:28:13][13] Processing: App\Mail\OverdueNotificationMail
[2023-10-27 07:28:15][12] Processed:  App\Mail\OverdueNotificationMail
[2023-10-27 07:28:15][14] Processing: App\Mail\OverdueNotificationMail
[2023-10-27 07:28:15][13] Processed:  App\Mail\OverdueNotificationMail
[2023-10-27 07:28:15][15] Processing: App\Mail\OverdueNotificationMail
[2023-10-27 07:28:17][14] Processed:  App\Mail\OverdueNotificationMail
[2023-10-27 07:28:17][16] Processing: App\Mail\OverdueNotificationMail
[2023-10-27 07:28:17][15] Processed:  App\Mail\OverdueNotificationMail
[2023-10-27 07:28:17][17] Processing: App\Mail\OverdueNotificationMail
[2023-10-27 07:28:18][16] Processed:  App\Mail\OverdueNotificationMail
[2023-10-27 07:28:19][17] Processed:  App\Mail\OverdueNotificationMail
[2023-10-27 07:53:13][18] Processing: App\Jobs\NotificationMailJob
[2023-10-27 07:53:13][18] Processed:  App\Jobs\NotificationMailJob
[2023-10-27 07:53:13][19] Processing: App\Mail\OverdueNotificationMail
[2023-10-27 07:53:14][20] Processing: App\Mail\OverdueNotificationMail
[2023-10-27 07:53:15][19] Processed:  App\Mail\OverdueNotificationMail
[2023-10-27 07:53:15][21] Processing: App\Mail\OverdueNotificationMail
[2023-10-27 07:53:16][20] Processed:  App\Mail\OverdueNotificationMail
[2023-10-27 07:53:16][21] Processed:  App\Mail\OverdueNotificationMail
[2023-11-28 07:17:38][1] Processing: App\Jobs\NotificationMailJob
[2023-11-28 07:17:38][1] Processed:  App\Jobs\NotificationMailJob
[2023-11-28 07:17:38][2] Processing: App\Mail\OverdueNotificationMail
[2023-11-28 07:17:41][3] Processing: App\Mail\OverdueNotificationMail
[2023-11-28 07:17:41][2] Processed:  App\Mail\OverdueNotificationMail
[2023-11-28 07:17:41][4] Processing: App\Mail\OverdueNotificationMail
[2023-11-28 07:17:44][3] Processed:  App\Mail\OverdueNotificationMail
[2023-11-28 07:17:44][5] Processing: App\Mail\OverdueNotificationMail
[2023-11-28 07:17:44][4] Processed:  App\Mail\OverdueNotificationMail
[2023-11-28 07:17:44][6] Processing: App\Mail\OverdueNotificationMail
[2023-11-28 07:17:44][5] Processed:  App\Mail\OverdueNotificationMail
[2023-11-28 07:17:44][7] Processing: App\Mail\OverdueNotificationMail
[2023-11-28 07:17:47][6] Processed:  App\Mail\OverdueNotificationMail
[2023-11-28 07:17:47][8] Processing: App\Mail\OverdueNotificationMail
[2023-11-28 07:17:47][7] Processed:  App\Mail\OverdueNotificationMail
[2023-11-28 07:17:47][9] Processing: App\Mail\OverdueNotificationMail
[2023-11-28 07:17:49][8] Processed:  App\Mail\OverdueNotificationMail
[2023-11-28 07:17:49][10] Processing: App\Mail\OverdueNotificationMail
[2023-11-28 07:17:50][9] Processed:  App\Mail\OverdueNotificationMail
[2023-11-28 07:17:50][11] Processing: App\Mail\OverdueNotificationMail
[2023-11-28 07:17:50][10] Processed:  App\Mail\OverdueNotificationMail
[2023-11-28 07:17:50][12] Processing: App\Mail\OverdueNotificationMail
[2023-11-28 07:17:52][11] Processed:  App\Mail\OverdueNotificationMail
[2023-11-28 07:17:52][13] Processing: App\Mail\OverdueNotificationMail
[2023-11-28 07:17:52][12] Processed:  App\Mail\OverdueNotificationMail
[2023-11-28 07:17:52][14] Processing: App\Mail\OverdueNotificationMail
[2023-11-28 07:17:54][13] Processed:  App\Mail\OverdueNotificationMail
[2023-11-28 07:17:54][15] Processing: App\Mail\OverdueNotificationMail
[2023-11-28 07:17:54][14] Processed:  App\Mail\OverdueNotificationMail
[2023-11-28 07:17:54][16] Processing: App\Mail\OverdueNotificationMail
[2023-11-28 07:17:55][15] Processed:  App\Mail\OverdueNotificationMail
[2023-11-28 07:17:55][17] Processing: App\Mail\OverdueNotificationMail
[2023-11-28 07:17:55][16] Processed:  App\Mail\OverdueNotificationMail
[2023-11-28 07:17:55][18] Processing: App\Mail\OverdueNotificationMail
[2023-11-28 07:17:56][17] Processed:  App\Mail\OverdueNotificationMail
[2023-11-28 07:17:56][19] Processing: App\Mail\OverdueNotificationMail
[2023-11-28 07:17:57][18] Processed:  App\Mail\OverdueNotificationMail
[2023-11-28 07:17:57][20] Processing: App\Mail\OverdueNotificationMail
[2023-11-28 07:17:59][19] Processed:  App\Mail\OverdueNotificationMail
[2023-11-28 07:17:59][21] Processing: App\Mail\OverdueNotificationMail
[2023-11-28 07:17:59][20] Processed:  App\Mail\OverdueNotificationMail
[2023-11-28 07:17:59][22] Processing: App\Mail\OverdueNotificationMail
[2023-11-28 07:18:01][21] Processed:  App\Mail\OverdueNotificationMail
[2023-11-28 07:18:01][23] Processing: App\Mail\OverdueNotificationMail
[2023-11-28 07:18:01][22] Processed:  App\Mail\OverdueNotificationMail
[2023-11-28 07:18:01][24] Processing: App\Mail\OverdueNotificationMail
[2023-11-28 07:18:03][23] Processed:  App\Mail\OverdueNotificationMail
[2023-11-28 07:18:03][25] Processing: App\Mail\OverdueNotificationMail
[2023-11-28 07:18:03][24] Processed:  App\Mail\OverdueNotificationMail
[2023-11-28 07:18:03][26] Processing: App\Mail\OverdueNotificationMail
[2023-11-28 07:18:05][25] Processed:  App\Mail\OverdueNotificationMail
[2023-11-28 07:18:05][27] Processing: App\Mail\OverdueNotificationMail
[2023-11-28 07:18:05][26] Processed:  App\Mail\OverdueNotificationMail
[2023-11-28 07:18:07][27] Processed:  App\Mail\OverdueNotificationMail
[2023-12-29 05:54:00][1] Processing: App\Jobs\NotificationMailJob
[2023-12-29 05:54:01][2] Processing: App\Mail\OverdueNotificationMail
[2023-12-29 05:54:01][1] Processed:  App\Jobs\NotificationMailJob
[2023-12-29 05:54:01][3] Processing: App\Mail\OverdueNotificationMail
[2023-12-29 05:54:02][3] Processed:  App\Mail\OverdueNotificationMail
[2023-12-29 05:54:02][4] Processing: App\Mail\OverdueNotificationMail
[2023-12-29 05:54:02][2] Processed:  App\Mail\OverdueNotificationMail
[2023-12-29 05:54:02][5] Processing: App\Mail\OverdueNotificationMail
[2023-12-29 05:54:04][4] Processed:  App\Mail\OverdueNotificationMail
[2023-12-29 05:54:04][6] Processing: App\Mail\OverdueNotificationMail
[2023-12-29 05:54:04][5] Processed:  App\Mail\OverdueNotificationMail
[2023-12-29 05:54:04][7] Processing: App\Mail\OverdueNotificationMail
[2023-12-29 05:54:06][6] Processed:  App\Mail\OverdueNotificationMail
[2023-12-29 05:54:06][8] Processing: App\Mail\OverdueNotificationMail
[2023-12-29 05:54:07][7] Processed:  App\Mail\OverdueNotificationMail
[2023-12-29 05:54:07][9] Processing: App\Mail\OverdueNotificationMail
[2023-12-29 05:54:08][8] Processed:  App\Mail\OverdueNotificationMail
[2023-12-29 05:54:08][10] Processing: App\Mail\OverdueNotificationMail
[2023-12-29 05:54:08][9] Processed:  App\Mail\OverdueNotificationMail
[2023-12-29 05:54:08][11] Processing: App\Mail\OverdueNotificationMail
[2023-12-29 05:54:10][10] Processed:  App\Mail\OverdueNotificationMail
[2023-12-29 05:54:10][12] Processing: App\Mail\OverdueNotificationMail
[2023-12-29 05:54:10][11] Processed:  App\Mail\OverdueNotificationMail
[2023-12-29 05:54:10][13] Processing: App\Mail\OverdueNotificationMail
[2023-12-29 05:54:12][12] Processed:  App\Mail\OverdueNotificationMail
[2023-12-29 05:54:12][14] Processing: App\Mail\OverdueNotificationMail
[2023-12-29 05:54:12][13] Processed:  App\Mail\OverdueNotificationMail
[2023-12-29 05:54:12][15] Processing: App\Mail\OverdueNotificationMail
[2023-12-29 05:54:14][14] Processed:  App\Mail\OverdueNotificationMail
[2023-12-29 05:54:14][16] Processing: App\Mail\OverdueNotificationMail
[2023-12-29 05:54:14][15] Processed:  App\Mail\OverdueNotificationMail
[2023-12-29 05:54:14][17] Processing: App\Mail\OverdueNotificationMail
[2023-12-29 05:54:15][16] Processed:  App\Mail\OverdueNotificationMail
[2023-12-29 05:54:15][18] Processing: App\Mail\OverdueNotificationMail
[2023-12-29 05:54:16][17] Processed:  App\Mail\OverdueNotificationMail
[2023-12-29 05:54:16][19] Processing: App\Mail\OverdueNotificationMail
[2023-12-29 05:54:18][18] Processed:  App\Mail\OverdueNotificationMail
[2023-12-29 05:54:18][19] Processed:  App\Mail\OverdueNotificationMail
[2023-12-29 05:54:18][20] Processing: App\Mail\OverdueNotificationMail
[2023-12-29 05:54:19][20] Processed:  App\Mail\OverdueNotificationMail
[2024-01-31 02:00:08][21] Processing: App\Jobs\NotificationMailJob
[2024-01-31 02:00:08][21] Processed:  App\Jobs\NotificationMailJob
[2024-01-31 02:00:08][22] Processing: App\Mail\OverdueNotificationMail
[2024-01-31 02:00:09][22] Processed:  App\Mail\OverdueNotificationMail
[2024-01-31 02:00:09][23] Processing: App\Mail\OverdueNotificationMail
[2024-01-31 02:00:10][23] Processed:  App\Mail\OverdueNotificationMail
[2024-01-31 02:00:10][24] Processing: App\Mail\OverdueNotificationMail
[2024-01-31 02:00:10][24] Failed:     App\Mail\OverdueNotificationMail
[2024-01-31 02:00:11][25] Processing: App\Mail\OverdueNotificationMail
[2024-01-31 02:00:11][26] Processing: App\Mail\OverdueNotificationMail
[2024-01-31 02:00:12][25] Processed:  App\Mail\OverdueNotificationMail
[2024-01-31 02:00:12][27] Processing: App\Mail\OverdueNotificationMail
[2024-01-31 02:00:12][26] Processed:  App\Mail\OverdueNotificationMail
[2024-01-31 02:00:12][28] Processing: App\Mail\OverdueNotificationMail
[2024-01-31 02:00:14][27] Processed:  App\Mail\OverdueNotificationMail
[2024-01-31 02:00:14][29] Processing: App\Mail\OverdueNotificationMail
[2024-01-31 02:00:15][28] Processed:  App\Mail\OverdueNotificationMail
[2024-01-31 02:00:15][30] Processing: App\Mail\OverdueNotificationMail
[2024-01-31 02:00:16][29] Processed:  App\Mail\OverdueNotificationMail
[2024-01-31 02:00:16][31] Processing: App\Mail\OverdueNotificationMail
[2024-01-31 02:00:16][30] Processed:  App\Mail\OverdueNotificationMail
[2024-01-31 02:00:16][32] Processing: App\Mail\OverdueNotificationMail
[2024-01-31 02:00:18][31] Processed:  App\Mail\OverdueNotificationMail
[2024-01-31 02:00:18][33] Processing: App\Mail\OverdueNotificationMail
[2024-01-31 02:00:18][32] Processed:  App\Mail\OverdueNotificationMail
[2024-01-31 02:00:18][34] Processing: App\Mail\OverdueNotificationMail
[2024-01-31 02:00:19][34] Processed:  App\Mail\OverdueNotificationMail
[2024-01-31 02:00:19][35] Processing: App\Mail\OverdueNotificationMail
[2024-01-31 02:00:20][33] Processed:  App\Mail\OverdueNotificationMail
[2024-01-31 02:00:20][36] Processing: App\Mail\OverdueNotificationMail
[2024-01-31 02:00:22][35] Processed:  App\Mail\OverdueNotificationMail
[2024-01-31 02:00:22][37] Processing: App\Mail\OverdueNotificationMail
[2024-01-31 02:00:22][36] Processed:  App\Mail\OverdueNotificationMail
[2024-01-31 02:00:22][38] Processing: App\Mail\OverdueNotificationMail
[2024-01-31 02:00:24][37] Processed:  App\Mail\OverdueNotificationMail
[2024-01-31 02:00:24][39] Processing: App\Mail\OverdueNotificationMail
[2024-01-31 02:00:24][38] Processed:  App\Mail\OverdueNotificationMail
[2024-01-31 02:00:24][40] Processing: App\Mail\OverdueNotificationMail
[2024-01-31 02:00:26][40] Processed:  App\Mail\OverdueNotificationMail
[2024-01-31 02:00:26][41] Processing: App\Mail\OverdueNotificationMail
[2024-01-31 02:00:26][39] Processed:  App\Mail\OverdueNotificationMail
[2024-01-31 02:00:26][42] Processing: App\Mail\OverdueNotificationMail
[2024-01-31 02:00:27][41] Processed:  App\Mail\OverdueNotificationMail
[2024-01-31 02:00:27][43] Processing: App\Mail\OverdueNotificationMail
[2024-01-31 02:00:28][43] Processed:  App\Mail\OverdueNotificationMail
[2024-01-31 02:00:28][44] Processing: App\Mail\OverdueNotificationMail
[2024-01-31 02:00:29][42] Processed:  App\Mail\OverdueNotificationMail
[2024-01-31 02:00:29][45] Processing: App\Mail\OverdueNotificationMail
[2024-01-31 02:00:30][45] Processed:  App\Mail\OverdueNotificationMail
[2024-01-31 02:00:30][46] Processing: App\Mail\OverdueNotificationMail
[2024-01-31 02:00:30][44] Processed:  App\Mail\OverdueNotificationMail
[2024-01-31 02:00:31][46] Processed:  App\Mail\OverdueNotificationMail
[2024-02-28 09:06:18][1] Processing: App\Jobs\NotificationMailJob
[2024-02-28 09:06:19][1] Processed:  App\Jobs\NotificationMailJob
[2024-02-28 09:06:19][2] Processing: App\Mail\OverdueNotificationMail
[2024-02-28 09:06:19][2] Processed:  App\Mail\OverdueNotificationMail
[2024-02-28 09:06:19][3] Processing: App\Mail\OverdueNotificationMail
[2024-02-28 09:06:21][3] Processed:  App\Mail\OverdueNotificationMail
